<?xml version="1.0" encoding="UTF-8"?>
<!-- Generated by org.testng.reporters.JUnitReportReporter -->
<testsuite hostname="LAPTOP-ADNQR6S8" failures="0" tests="1" name="com.flipkart.tests.PlaceOrder" time="5.717" errors="0" timestamp="2022-05-30T17:11:10 IST" skipped="0">
  <testcase classname="com.flipkart.tests.PlaceOrder" name="loginTest" time="5.717"/>
  <system-out/>
</testsuite> <!-- com.flipkart.tests.PlaceOrder -->
